<html>
<head>
<title>TestNG:  chrome1</title>
<link href="../testng.css" rel="stylesheet" type="text/css" />
<link href="../my-testng.css" rel="stylesheet" type="text/css" />

<style type="text/css">
.log { display: none;} 
.stack-trace { display: none;} 
</style>
<script type="text/javascript">
<!--
function flip(e) {
  current = e.style.display;
  if (current == 'block') {
    e.style.display = 'none';
    return 0;
  }
  else {
    e.style.display = 'block';
    return 1;
  }
}

function toggleBox(szDivId, elem, msg1, msg2)
{
  var res = -1;  if (document.getElementById) {
    res = flip(document.getElementById(szDivId));
  }
  else if (document.all) {
    // this is the way old msie versions work
    res = flip(document.all[szDivId]);
  }
  if(elem) {
    if(res == 0) elem.innerHTML = msg1; else elem.innerHTML = msg2;
  }

}

function toggleAllBoxes() {
  if (document.getElementsByTagName) {
    d = document.getElementsByTagName('div');
    for (i = 0; i < d.length; i++) {
      if (d[i].className == 'log') {
        flip(d[i]);
      }
    }
  }
}

// -->
</script>

</head>
<body>
<h2 align='center'>chrome1</h2><table border='1' align="center">
<tr>
<td>Tests passed/Failed/Skipped:</td><td>0/0/10</td>
</tr><tr>
<td>Started on:</td><td>Thu Dec 28 09:18:46 IST 2023</td>
</tr>
<tr><td>Total time:</td><td>0 seconds (178 ms)</td>
</tr><tr>
<td>Included groups:</td><td></td>
</tr><tr>
<td>Excluded groups:</td><td></td>
</tr>
</table><p/>
<small><i>(Hover the method name to see the test class name)</i></small><p/>
<table width='100%' border='1' class='invocation-failed'>
<tr><td colspan='4' align='center'><b>FAILED CONFIGURATIONS</b></td></tr>
<tr><td><b>Test method</b></td>
<td><b>Attribute(s)</b></td>
<td width="30%"><b>Exception</b></td>
<td width="10%"><b>Time (seconds)</b></td>
<td><b>Instance</b></td>
</tr>
<tr>
<td title='advanceselenium.Tc_dws_006.tolauchbrowser()'><b>tolauchbrowser</b><br>Test class: advanceselenium.Tc_dws_006</td>
<td><div><pre>org.testng.TestNGException: 
Parameter &apos;BrowserName&apos; is required by BeforeClass on method tolauchbrowser but has not been marked @Optional or defined
in C:\Users\pc495\eclipse-workspace\yaswanth selenium\demo.xml
	at java.base/java.util.concurrent.ThreadPoolExecutor.runWorker(ThreadPoolExecutor.java:1144)
	at java.base/java.util.concurrent.ThreadPoolExecutor$Worker.run(ThreadPoolExecutor.java:642)
	at java.base/java.lang.Thread.run(Thread.java:1623)
... Removed 7 stack frames</pre></div><a href='#' onClick='toggleBox("stack-trace1926863273", this, "Click to show all stack frames", "Click to hide stack frames")'>Click to show all stack frames</a>
<div class='stack-trace' id='stack-trace1926863273'><pre>org.testng.TestNGException: 
Parameter &apos;BrowserName&apos; is required by BeforeClass on method tolauchbrowser but has not been marked @Optional or defined
in C:\Users\pc495\eclipse-workspace\yaswanth selenium\demo.xml
	at org.testng.internal.Parameters.createParams(Parameters.java:267)
	at org.testng.internal.Parameters.createParametersForMethod(Parameters.java:355)
	at org.testng.internal.Parameters.createParameters(Parameters.java:684)
	at org.testng.internal.Parameters.createConfigurationParameters(Parameters.java:166)
	at org.testng.internal.invokers.ConfigInvoker.invokeConfigurations(ConfigInvoker.java:306)
	at org.testng.internal.invokers.TestMethodWorker.invokeBeforeClassMethods(TestMethodWorker.java:180)
	at org.testng.internal.invokers.TestMethodWorker.run(TestMethodWorker.java:122)
	at java.base/java.util.concurrent.ThreadPoolExecutor.runWorker(ThreadPoolExecutor.java:1144)
	at java.base/java.util.concurrent.ThreadPoolExecutor$Worker.run(ThreadPoolExecutor.java:642)
	at java.base/java.lang.Thread.run(Thread.java:1623)
</pre></div></td>
<td>-1703735326</td>
<td>advanceselenium.Tc_dws_006@1f2586d6</td></tr>
<tr>
<td title='advanceselenium.Tc_dws_003.tolauchbrowser()'><b>tolauchbrowser</b><br>Test class: advanceselenium.Tc_dws_003</td>
<td><div><pre>org.testng.TestNGException: 
Parameter &apos;BrowserName&apos; is required by BeforeClass on method tolauchbrowser but has not been marked @Optional or defined
in C:\Users\pc495\eclipse-workspace\yaswanth selenium\demo.xml
	at java.base/java.util.concurrent.ThreadPoolExecutor.runWorker(ThreadPoolExecutor.java:1144)
	at java.base/java.util.concurrent.ThreadPoolExecutor$Worker.run(ThreadPoolExecutor.java:642)
	at java.base/java.lang.Thread.run(Thread.java:1623)
... Removed 7 stack frames</pre></div><a href='#' onClick='toggleBox("stack-trace1991061643", this, "Click to show all stack frames", "Click to hide stack frames")'>Click to show all stack frames</a>
<div class='stack-trace' id='stack-trace1991061643'><pre>org.testng.TestNGException: 
Parameter &apos;BrowserName&apos; is required by BeforeClass on method tolauchbrowser but has not been marked @Optional or defined
in C:\Users\pc495\eclipse-workspace\yaswanth selenium\demo.xml
	at org.testng.internal.Parameters.createParams(Parameters.java:267)
	at org.testng.internal.Parameters.createParametersForMethod(Parameters.java:355)
	at org.testng.internal.Parameters.createParameters(Parameters.java:684)
	at org.testng.internal.Parameters.createConfigurationParameters(Parameters.java:166)
	at org.testng.internal.invokers.ConfigInvoker.invokeConfigurations(ConfigInvoker.java:306)
	at org.testng.internal.invokers.TestMethodWorker.invokeBeforeClassMethods(TestMethodWorker.java:180)
	at org.testng.internal.invokers.TestMethodWorker.run(TestMethodWorker.java:122)
	at java.base/java.util.concurrent.ThreadPoolExecutor.runWorker(ThreadPoolExecutor.java:1144)
	at java.base/java.util.concurrent.ThreadPoolExecutor$Worker.run(ThreadPoolExecutor.java:642)
	at java.base/java.lang.Thread.run(Thread.java:1623)
</pre></div></td>
<td>-1703735326</td>
<td>advanceselenium.Tc_dws_003@2f4948e4</td></tr>
<tr>
<td title='advanceselenium.Tc_dws_007.tolauchbrowser()'><b>tolauchbrowser</b><br>Test class: advanceselenium.Tc_dws_007</td>
<td><div><pre>org.testng.TestNGException: 
Parameter &apos;BrowserName&apos; is required by BeforeClass on method tolauchbrowser but has not been marked @Optional or defined
in C:\Users\pc495\eclipse-workspace\yaswanth selenium\demo.xml
	at java.base/java.util.concurrent.ThreadPoolExecutor.runWorker(ThreadPoolExecutor.java:1144)
	at java.base/java.util.concurrent.ThreadPoolExecutor$Worker.run(ThreadPoolExecutor.java:642)
	at java.base/java.lang.Thread.run(Thread.java:1623)
... Removed 7 stack frames</pre></div><a href='#' onClick='toggleBox("stack-trace1789488846", this, "Click to show all stack frames", "Click to hide stack frames")'>Click to show all stack frames</a>
<div class='stack-trace' id='stack-trace1789488846'><pre>org.testng.TestNGException: 
Parameter &apos;BrowserName&apos; is required by BeforeClass on method tolauchbrowser but has not been marked @Optional or defined
in C:\Users\pc495\eclipse-workspace\yaswanth selenium\demo.xml
	at org.testng.internal.Parameters.createParams(Parameters.java:267)
	at org.testng.internal.Parameters.createParametersForMethod(Parameters.java:355)
	at org.testng.internal.Parameters.createParameters(Parameters.java:684)
	at org.testng.internal.Parameters.createConfigurationParameters(Parameters.java:166)
	at org.testng.internal.invokers.ConfigInvoker.invokeConfigurations(ConfigInvoker.java:306)
	at org.testng.internal.invokers.TestMethodWorker.invokeBeforeClassMethods(TestMethodWorker.java:180)
	at org.testng.internal.invokers.TestMethodWorker.run(TestMethodWorker.java:122)
	at java.base/java.util.concurrent.ThreadPoolExecutor.runWorker(ThreadPoolExecutor.java:1144)
	at java.base/java.util.concurrent.ThreadPoolExecutor$Worker.run(ThreadPoolExecutor.java:642)
	at java.base/java.lang.Thread.run(Thread.java:1623)
</pre></div></td>
<td>-1703735326</td>
<td>advanceselenium.Tc_dws_007@1573f9fc</td></tr>
<tr>
<td title='advanceselenium.Tc_dws_010.tolauchbrowser()'><b>tolauchbrowser</b><br>Test class: advanceselenium.Tc_dws_010</td>
<td><div><pre>org.testng.TestNGException: 
Parameter &apos;BrowserName&apos; is required by BeforeClass on method tolauchbrowser but has not been marked @Optional or defined
in C:\Users\pc495\eclipse-workspace\yaswanth selenium\demo.xml
	at java.base/java.util.concurrent.ThreadPoolExecutor.runWorker(ThreadPoolExecutor.java:1144)
	at java.base/java.util.concurrent.ThreadPoolExecutor$Worker.run(ThreadPoolExecutor.java:642)
	at java.base/java.lang.Thread.run(Thread.java:1623)
... Removed 7 stack frames</pre></div><a href='#' onClick='toggleBox("stack-trace1726737987", this, "Click to show all stack frames", "Click to hide stack frames")'>Click to show all stack frames</a>
<div class='stack-trace' id='stack-trace1726737987'><pre>org.testng.TestNGException: 
Parameter &apos;BrowserName&apos; is required by BeforeClass on method tolauchbrowser but has not been marked @Optional or defined
in C:\Users\pc495\eclipse-workspace\yaswanth selenium\demo.xml
	at org.testng.internal.Parameters.createParams(Parameters.java:267)
	at org.testng.internal.Parameters.createParametersForMethod(Parameters.java:355)
	at org.testng.internal.Parameters.createParameters(Parameters.java:684)
	at org.testng.internal.Parameters.createConfigurationParameters(Parameters.java:166)
	at org.testng.internal.invokers.ConfigInvoker.invokeConfigurations(ConfigInvoker.java:306)
	at org.testng.internal.invokers.TestMethodWorker.invokeBeforeClassMethods(TestMethodWorker.java:180)
	at org.testng.internal.invokers.TestMethodWorker.run(TestMethodWorker.java:122)
	at java.base/java.util.concurrent.ThreadPoolExecutor.runWorker(ThreadPoolExecutor.java:1144)
	at java.base/java.util.concurrent.ThreadPoolExecutor$Worker.run(ThreadPoolExecutor.java:642)
	at java.base/java.lang.Thread.run(Thread.java:1623)
</pre></div></td>
<td>-1703735326</td>
<td>advanceselenium.Tc_dws_010@44c03695</td></tr>
<tr>
<td title='advanceselenium.Tc_dws_001.tolauchbrowser()'><b>tolauchbrowser</b><br>Test class: advanceselenium.Tc_dws_001</td>
<td><div><pre>org.testng.TestNGException: 
Parameter &apos;BrowserName&apos; is required by BeforeClass on method tolauchbrowser but has not been marked @Optional or defined
in C:\Users\pc495\eclipse-workspace\yaswanth selenium\demo.xml
	at java.base/java.util.concurrent.ThreadPoolExecutor.runWorker(ThreadPoolExecutor.java:1144)
	at java.base/java.util.concurrent.ThreadPoolExecutor$Worker.run(ThreadPoolExecutor.java:642)
	at java.base/java.lang.Thread.run(Thread.java:1623)
... Removed 7 stack frames</pre></div><a href='#' onClick='toggleBox("stack-trace674021477", this, "Click to show all stack frames", "Click to hide stack frames")'>Click to show all stack frames</a>
<div class='stack-trace' id='stack-trace674021477'><pre>org.testng.TestNGException: 
Parameter &apos;BrowserName&apos; is required by BeforeClass on method tolauchbrowser but has not been marked @Optional or defined
in C:\Users\pc495\eclipse-workspace\yaswanth selenium\demo.xml
	at org.testng.internal.Parameters.createParams(Parameters.java:267)
	at org.testng.internal.Parameters.createParametersForMethod(Parameters.java:355)
	at org.testng.internal.Parameters.createParameters(Parameters.java:684)
	at org.testng.internal.Parameters.createConfigurationParameters(Parameters.java:166)
	at org.testng.internal.invokers.ConfigInvoker.invokeConfigurations(ConfigInvoker.java:306)
	at org.testng.internal.invokers.TestMethodWorker.invokeBeforeClassMethods(TestMethodWorker.java:180)
	at org.testng.internal.invokers.TestMethodWorker.run(TestMethodWorker.java:122)
	at java.base/java.util.concurrent.ThreadPoolExecutor.runWorker(ThreadPoolExecutor.java:1144)
	at java.base/java.util.concurrent.ThreadPoolExecutor$Worker.run(ThreadPoolExecutor.java:642)
	at java.base/java.lang.Thread.run(Thread.java:1623)
</pre></div></td>
<td>-1703735326</td>
<td>advanceselenium.Tc_dws_001@dd05255</td></tr>
<tr>
<td title='advanceselenium.Tc_dws_005.tolauchbrowser()'><b>tolauchbrowser</b><br>Test class: advanceselenium.Tc_dws_005</td>
<td><div><pre>org.testng.TestNGException: 
Parameter &apos;BrowserName&apos; is required by BeforeClass on method tolauchbrowser but has not been marked @Optional or defined
in C:\Users\pc495\eclipse-workspace\yaswanth selenium\demo.xml
	at java.base/java.util.concurrent.ThreadPoolExecutor.runWorker(ThreadPoolExecutor.java:1144)
	at java.base/java.util.concurrent.ThreadPoolExecutor$Worker.run(ThreadPoolExecutor.java:642)
	at java.base/java.lang.Thread.run(Thread.java:1623)
... Removed 7 stack frames</pre></div><a href='#' onClick='toggleBox("stack-trace111228856", this, "Click to show all stack frames", "Click to hide stack frames")'>Click to show all stack frames</a>
<div class='stack-trace' id='stack-trace111228856'><pre>org.testng.TestNGException: 
Parameter &apos;BrowserName&apos; is required by BeforeClass on method tolauchbrowser but has not been marked @Optional or defined
in C:\Users\pc495\eclipse-workspace\yaswanth selenium\demo.xml
	at org.testng.internal.Parameters.createParams(Parameters.java:267)
	at org.testng.internal.Parameters.createParametersForMethod(Parameters.java:355)
	at org.testng.internal.Parameters.createParameters(Parameters.java:684)
	at org.testng.internal.Parameters.createConfigurationParameters(Parameters.java:166)
	at org.testng.internal.invokers.ConfigInvoker.invokeConfigurations(ConfigInvoker.java:306)
	at org.testng.internal.invokers.TestMethodWorker.invokeBeforeClassMethods(TestMethodWorker.java:180)
	at org.testng.internal.invokers.TestMethodWorker.run(TestMethodWorker.java:122)
	at java.base/java.util.concurrent.ThreadPoolExecutor.runWorker(ThreadPoolExecutor.java:1144)
	at java.base/java.util.concurrent.ThreadPoolExecutor$Worker.run(ThreadPoolExecutor.java:642)
	at java.base/java.lang.Thread.run(Thread.java:1623)
</pre></div></td>
<td>-1703735326</td>
<td>advanceselenium.Tc_dws_005@10683d9d</td></tr>
<tr>
<td title='advanceselenium.Tc_dws_004.tolauchbrowser()'><b>tolauchbrowser</b><br>Test class: advanceselenium.Tc_dws_004</td>
<td><div><pre>org.testng.TestNGException: 
Parameter &apos;BrowserName&apos; is required by BeforeClass on method tolauchbrowser but has not been marked @Optional or defined
in C:\Users\pc495\eclipse-workspace\yaswanth selenium\demo.xml
	at java.base/java.util.concurrent.ThreadPoolExecutor.runWorker(ThreadPoolExecutor.java:1144)
	at java.base/java.util.concurrent.ThreadPoolExecutor$Worker.run(ThreadPoolExecutor.java:642)
	at java.base/java.lang.Thread.run(Thread.java:1623)
... Removed 7 stack frames</pre></div><a href='#' onClick='toggleBox("stack-trace1384024983", this, "Click to show all stack frames", "Click to hide stack frames")'>Click to show all stack frames</a>
<div class='stack-trace' id='stack-trace1384024983'><pre>org.testng.TestNGException: 
Parameter &apos;BrowserName&apos; is required by BeforeClass on method tolauchbrowser but has not been marked @Optional or defined
in C:\Users\pc495\eclipse-workspace\yaswanth selenium\demo.xml
	at org.testng.internal.Parameters.createParams(Parameters.java:267)
	at org.testng.internal.Parameters.createParametersForMethod(Parameters.java:355)
	at org.testng.internal.Parameters.createParameters(Parameters.java:684)
	at org.testng.internal.Parameters.createConfigurationParameters(Parameters.java:166)
	at org.testng.internal.invokers.ConfigInvoker.invokeConfigurations(ConfigInvoker.java:306)
	at org.testng.internal.invokers.TestMethodWorker.invokeBeforeClassMethods(TestMethodWorker.java:180)
	at org.testng.internal.invokers.TestMethodWorker.run(TestMethodWorker.java:122)
	at java.base/java.util.concurrent.ThreadPoolExecutor.runWorker(ThreadPoolExecutor.java:1144)
	at java.base/java.util.concurrent.ThreadPoolExecutor$Worker.run(ThreadPoolExecutor.java:642)
	at java.base/java.lang.Thread.run(Thread.java:1623)
</pre></div></td>
<td>-1703735326</td>
<td>advanceselenium.Tc_dws_004@6a78afa0</td></tr>
<tr>
<td title='advanceselenium.Tc_dws_009.tolauchbrowser()'><b>tolauchbrowser</b><br>Test class: advanceselenium.Tc_dws_009</td>
<td><div><pre>org.testng.TestNGException: 
Parameter &apos;BrowserName&apos; is required by BeforeClass on method tolauchbrowser but has not been marked @Optional or defined
in C:\Users\pc495\eclipse-workspace\yaswanth selenium\demo.xml
	at java.base/java.util.concurrent.ThreadPoolExecutor.runWorker(ThreadPoolExecutor.java:1144)
	at java.base/java.util.concurrent.ThreadPoolExecutor$Worker.run(ThreadPoolExecutor.java:642)
	at java.base/java.lang.Thread.run(Thread.java:1623)
... Removed 7 stack frames</pre></div><a href='#' onClick='toggleBox("stack-trace1197886285", this, "Click to show all stack frames", "Click to hide stack frames")'>Click to show all stack frames</a>
<div class='stack-trace' id='stack-trace1197886285'><pre>org.testng.TestNGException: 
Parameter &apos;BrowserName&apos; is required by BeforeClass on method tolauchbrowser but has not been marked @Optional or defined
in C:\Users\pc495\eclipse-workspace\yaswanth selenium\demo.xml
	at org.testng.internal.Parameters.createParams(Parameters.java:267)
	at org.testng.internal.Parameters.createParametersForMethod(Parameters.java:355)
	at org.testng.internal.Parameters.createParameters(Parameters.java:684)
	at org.testng.internal.Parameters.createConfigurationParameters(Parameters.java:166)
	at org.testng.internal.invokers.ConfigInvoker.invokeConfigurations(ConfigInvoker.java:306)
	at org.testng.internal.invokers.TestMethodWorker.invokeBeforeClassMethods(TestMethodWorker.java:180)
	at org.testng.internal.invokers.TestMethodWorker.run(TestMethodWorker.java:122)
	at java.base/java.util.concurrent.ThreadPoolExecutor.runWorker(ThreadPoolExecutor.java:1144)
	at java.base/java.util.concurrent.ThreadPoolExecutor$Worker.run(ThreadPoolExecutor.java:642)
	at java.base/java.lang.Thread.run(Thread.java:1623)
</pre></div></td>
<td>-1703735326</td>
<td>advanceselenium.Tc_dws_009@6150c3ec</td></tr>
<tr>
<td title='advanceselenium.Tc_dws_002.tolauchbrowser()'><b>tolauchbrowser</b><br>Test class: advanceselenium.Tc_dws_002</td>
<td><div><pre>org.testng.TestNGException: 
Parameter &apos;BrowserName&apos; is required by BeforeClass on method tolauchbrowser but has not been marked @Optional or defined
in C:\Users\pc495\eclipse-workspace\yaswanth selenium\demo.xml
	at java.base/java.util.concurrent.ThreadPoolExecutor.runWorker(ThreadPoolExecutor.java:1144)
	at java.base/java.util.concurrent.ThreadPoolExecutor$Worker.run(ThreadPoolExecutor.java:642)
	at java.base/java.lang.Thread.run(Thread.java:1623)
... Removed 7 stack frames</pre></div><a href='#' onClick='toggleBox("stack-trace852192501", this, "Click to show all stack frames", "Click to hide stack frames")'>Click to show all stack frames</a>
<div class='stack-trace' id='stack-trace852192501'><pre>org.testng.TestNGException: 
Parameter &apos;BrowserName&apos; is required by BeforeClass on method tolauchbrowser but has not been marked @Optional or defined
in C:\Users\pc495\eclipse-workspace\yaswanth selenium\demo.xml
	at org.testng.internal.Parameters.createParams(Parameters.java:267)
	at org.testng.internal.Parameters.createParametersForMethod(Parameters.java:355)
	at org.testng.internal.Parameters.createParameters(Parameters.java:684)
	at org.testng.internal.Parameters.createConfigurationParameters(Parameters.java:166)
	at org.testng.internal.invokers.ConfigInvoker.invokeConfigurations(ConfigInvoker.java:306)
	at org.testng.internal.invokers.TestMethodWorker.invokeBeforeClassMethods(TestMethodWorker.java:180)
	at org.testng.internal.invokers.TestMethodWorker.run(TestMethodWorker.java:122)
	at java.base/java.util.concurrent.ThreadPoolExecutor.runWorker(ThreadPoolExecutor.java:1144)
	at java.base/java.util.concurrent.ThreadPoolExecutor$Worker.run(ThreadPoolExecutor.java:642)
	at java.base/java.lang.Thread.run(Thread.java:1623)
</pre></div></td>
<td>-1703735326</td>
<td>advanceselenium.Tc_dws_002@7e6f74c</td></tr>
<tr>
<td title='advanceselenium.Tc_dws_008.tolauchbrowser()'><b>tolauchbrowser</b><br>Test class: advanceselenium.Tc_dws_008</td>
<td><div><pre>org.testng.TestNGException: 
Parameter &apos;BrowserName&apos; is required by BeforeClass on method tolauchbrowser but has not been marked @Optional or defined
in C:\Users\pc495\eclipse-workspace\yaswanth selenium\demo.xml
	at java.base/java.util.concurrent.ThreadPoolExecutor.runWorker(ThreadPoolExecutor.java:1144)
	at java.base/java.util.concurrent.ThreadPoolExecutor$Worker.run(ThreadPoolExecutor.java:642)
	at java.base/java.lang.Thread.run(Thread.java:1623)
... Removed 7 stack frames</pre></div><a href='#' onClick='toggleBox("stack-trace686564531", this, "Click to show all stack frames", "Click to hide stack frames")'>Click to show all stack frames</a>
<div class='stack-trace' id='stack-trace686564531'><pre>org.testng.TestNGException: 
Parameter &apos;BrowserName&apos; is required by BeforeClass on method tolauchbrowser but has not been marked @Optional or defined
in C:\Users\pc495\eclipse-workspace\yaswanth selenium\demo.xml
	at org.testng.internal.Parameters.createParams(Parameters.java:267)
	at org.testng.internal.Parameters.createParametersForMethod(Parameters.java:355)
	at org.testng.internal.Parameters.createParameters(Parameters.java:684)
	at org.testng.internal.Parameters.createConfigurationParameters(Parameters.java:166)
	at org.testng.internal.invokers.ConfigInvoker.invokeConfigurations(ConfigInvoker.java:306)
	at org.testng.internal.invokers.TestMethodWorker.invokeBeforeClassMethods(TestMethodWorker.java:180)
	at org.testng.internal.invokers.TestMethodWorker.run(TestMethodWorker.java:122)
	at java.base/java.util.concurrent.ThreadPoolExecutor.runWorker(ThreadPoolExecutor.java:1144)
	at java.base/java.util.concurrent.ThreadPoolExecutor$Worker.run(ThreadPoolExecutor.java:642)
	at java.base/java.lang.Thread.run(Thread.java:1623)
</pre></div></td>
<td>-1703735326</td>
<td>advanceselenium.Tc_dws_008@4c402120</td></tr>
</table><p>
<table width='100%' border='1' class='invocation-skipped'>
<tr><td colspan='4' align='center'><b>SKIPPED CONFIGURATIONS</b></td></tr>
<tr><td><b>Test method</b></td>
<td><b>Attribute(s)</b></td>
<td width="30%"><b>Exception</b></td>
<td width="10%"><b>Time (seconds)</b></td>
<td><b>Instance</b></td>
</tr>
<tr>
<td title='advanceselenium.Tc_dws_002.closebrowser()'><b>closebrowser</b><br>Test class: advanceselenium.Tc_dws_002</td>
<td></td>
<td>0</td>
<td>advanceselenium.Tc_dws_002@7e6f74c</td></tr>
<tr>
<td title='advanceselenium.Tc_dws_006.logout()'><b>logout</b><br>Test class: advanceselenium.Tc_dws_006</td>
<td></td>
<td>0</td>
<td>advanceselenium.Tc_dws_006@1f2586d6</td></tr>
<tr>
<td title='advanceselenium.Tc_dws_003.login()'><b>login</b><br>Test class: advanceselenium.Tc_dws_003</td>
<td></td>
<td>0</td>
<td>advanceselenium.Tc_dws_003@2f4948e4</td></tr>
<tr>
<td title='advanceselenium.Tc_dws_003.logout()'><b>logout</b><br>Test class: advanceselenium.Tc_dws_003</td>
<td></td>
<td>0</td>
<td>advanceselenium.Tc_dws_003@2f4948e4</td></tr>
<tr>
<td title='advanceselenium.Tc_dws_005.closebrowser()'><b>closebrowser</b><br>Test class: advanceselenium.Tc_dws_005</td>
<td></td>
<td>0</td>
<td>advanceselenium.Tc_dws_005@10683d9d</td></tr>
<tr>
<td title='advanceselenium.Tc_dws_008.logout()'><b>logout</b><br>Test class: advanceselenium.Tc_dws_008</td>
<td></td>
<td>0</td>
<td>advanceselenium.Tc_dws_008@4c402120</td></tr>
<tr>
<td title='advanceselenium.Tc_dws_007.login()'><b>login</b><br>Test class: advanceselenium.Tc_dws_007</td>
<td></td>
<td>0</td>
<td>advanceselenium.Tc_dws_007@1573f9fc</td></tr>
<tr>
<td title='advanceselenium.Tc_dws_008.login()'><b>login</b><br>Test class: advanceselenium.Tc_dws_008</td>
<td></td>
<td>0</td>
<td>advanceselenium.Tc_dws_008@4c402120</td></tr>
<tr>
<td title='advanceselenium.Tc_dws_009.login()'><b>login</b><br>Test class: advanceselenium.Tc_dws_009</td>
<td></td>
<td>0</td>
<td>advanceselenium.Tc_dws_009@6150c3ec</td></tr>
<tr>
<td title='advanceselenium.Tc_dws_003.closebrowser()'><b>closebrowser</b><br>Test class: advanceselenium.Tc_dws_003</td>
<td></td>
<td>0</td>
<td>advanceselenium.Tc_dws_003@2f4948e4</td></tr>
<tr>
<td title='advanceselenium.Tc_dws_010.logout()'><b>logout</b><br>Test class: advanceselenium.Tc_dws_010</td>
<td></td>
<td>0</td>
<td>advanceselenium.Tc_dws_010@44c03695</td></tr>
<tr>
<td title='advanceselenium.Tc_dws_010.login()'><b>login</b><br>Test class: advanceselenium.Tc_dws_010</td>
<td></td>
<td>0</td>
<td>advanceselenium.Tc_dws_010@44c03695</td></tr>
<tr>
<td title='advanceselenium.Tc_dws_010.closebrowser()'><b>closebrowser</b><br>Test class: advanceselenium.Tc_dws_010</td>
<td></td>
<td>0</td>
<td>advanceselenium.Tc_dws_010@44c03695</td></tr>
<tr>
<td title='advanceselenium.Tc_dws_004.login()'><b>login</b><br>Test class: advanceselenium.Tc_dws_004</td>
<td></td>
<td>0</td>
<td>advanceselenium.Tc_dws_004@6a78afa0</td></tr>
<tr>
<td title='advanceselenium.Tc_dws_004.logout()'><b>logout</b><br>Test class: advanceselenium.Tc_dws_004</td>
<td></td>
<td>0</td>
<td>advanceselenium.Tc_dws_004@6a78afa0</td></tr>
<tr>
<td title='advanceselenium.Tc_dws_001.closebrowser()'><b>closebrowser</b><br>Test class: advanceselenium.Tc_dws_001</td>
<td></td>
<td>0</td>
<td>advanceselenium.Tc_dws_001@dd05255</td></tr>
<tr>
<td title='advanceselenium.Tc_dws_007.closebrowser()'><b>closebrowser</b><br>Test class: advanceselenium.Tc_dws_007</td>
<td></td>
<td>0</td>
<td>advanceselenium.Tc_dws_007@1573f9fc</td></tr>
<tr>
<td title='advanceselenium.Tc_dws_002.login()'><b>login</b><br>Test class: advanceselenium.Tc_dws_002</td>
<td></td>
<td>0</td>
<td>advanceselenium.Tc_dws_002@7e6f74c</td></tr>
<tr>
<td title='advanceselenium.Tc_dws_005.logout()'><b>logout</b><br>Test class: advanceselenium.Tc_dws_005</td>
<td></td>
<td>0</td>
<td>advanceselenium.Tc_dws_005@10683d9d</td></tr>
<tr>
<td title='advanceselenium.Tc_dws_006.login()'><b>login</b><br>Test class: advanceselenium.Tc_dws_006</td>
<td></td>
<td>0</td>
<td>advanceselenium.Tc_dws_006@1f2586d6</td></tr>
<tr>
<td title='advanceselenium.Tc_dws_001.login()'><b>login</b><br>Test class: advanceselenium.Tc_dws_001</td>
<td></td>
<td>0</td>
<td>advanceselenium.Tc_dws_001@dd05255</td></tr>
<tr>
<td title='advanceselenium.Tc_dws_005.login()'><b>login</b><br>Test class: advanceselenium.Tc_dws_005</td>
<td></td>
<td>0</td>
<td>advanceselenium.Tc_dws_005@10683d9d</td></tr>
<tr>
<td title='advanceselenium.Tc_dws_008.closebrowser()'><b>closebrowser</b><br>Test class: advanceselenium.Tc_dws_008</td>
<td></td>
<td>0</td>
<td>advanceselenium.Tc_dws_008@4c402120</td></tr>
<tr>
<td title='advanceselenium.Tc_dws_001.logout()'><b>logout</b><br>Test class: advanceselenium.Tc_dws_001</td>
<td></td>
<td>0</td>
<td>advanceselenium.Tc_dws_001@dd05255</td></tr>
<tr>
<td title='advanceselenium.Tc_dws_002.logout()'><b>logout</b><br>Test class: advanceselenium.Tc_dws_002</td>
<td></td>
<td>0</td>
<td>advanceselenium.Tc_dws_002@7e6f74c</td></tr>
<tr>
<td title='advanceselenium.Tc_dws_006.closebrowser()'><b>closebrowser</b><br>Test class: advanceselenium.Tc_dws_006</td>
<td></td>
<td>0</td>
<td>advanceselenium.Tc_dws_006@1f2586d6</td></tr>
<tr>
<td title='advanceselenium.Tc_dws_009.logout()'><b>logout</b><br>Test class: advanceselenium.Tc_dws_009</td>
<td></td>
<td>0</td>
<td>advanceselenium.Tc_dws_009@6150c3ec</td></tr>
<tr>
<td title='advanceselenium.Tc_dws_004.closebrowser()'><b>closebrowser</b><br>Test class: advanceselenium.Tc_dws_004</td>
<td></td>
<td>0</td>
<td>advanceselenium.Tc_dws_004@6a78afa0</td></tr>
<tr>
<td title='advanceselenium.Tc_dws_007.logout()'><b>logout</b><br>Test class: advanceselenium.Tc_dws_007</td>
<td></td>
<td>0</td>
<td>advanceselenium.Tc_dws_007@1573f9fc</td></tr>
<tr>
<td title='advanceselenium.Tc_dws_009.closebrowser()'><b>closebrowser</b><br>Test class: advanceselenium.Tc_dws_009</td>
<td></td>
<td>0</td>
<td>advanceselenium.Tc_dws_009@6150c3ec</td></tr>
</table><p>
<table width='100%' border='1' class='invocation-skipped'>
<tr><td colspan='4' align='center'><b>SKIPPED TESTS</b></td></tr>
<tr><td><b>Test method</b></td>
<td><b>Attribute(s)</b></td>
<td width="30%"><b>Exception</b></td>
<td width="10%"><b>Time (seconds)</b></td>
<td><b>Instance</b></td>
</tr>
<tr>
<td title='advanceselenium.Tc_dws_007.book()'><b>book</b><br>Test class: advanceselenium.Tc_dws_007</td>
<td><div><pre>org.testng.TestNGException: 
Parameter &apos;BrowserName&apos; is required by BeforeClass on method tolauchbrowser but has not been marked @Optional or defined
in C:\Users\pc495\eclipse-workspace\yaswanth selenium\demo.xml
	at java.base/java.util.concurrent.ThreadPoolExecutor.runWorker(ThreadPoolExecutor.java:1144)
	at java.base/java.util.concurrent.ThreadPoolExecutor$Worker.run(ThreadPoolExecutor.java:642)
	at java.base/java.lang.Thread.run(Thread.java:1623)
... Removed 7 stack frames</pre></div><a href='#' onClick='toggleBox("stack-trace1290493515", this, "Click to show all stack frames", "Click to hide stack frames")'>Click to show all stack frames</a>
<div class='stack-trace' id='stack-trace1290493515'><pre>org.testng.TestNGException: 
Parameter &apos;BrowserName&apos; is required by BeforeClass on method tolauchbrowser but has not been marked @Optional or defined
in C:\Users\pc495\eclipse-workspace\yaswanth selenium\demo.xml
	at org.testng.internal.Parameters.createParams(Parameters.java:267)
	at org.testng.internal.Parameters.createParametersForMethod(Parameters.java:355)
	at org.testng.internal.Parameters.createParameters(Parameters.java:684)
	at org.testng.internal.Parameters.createConfigurationParameters(Parameters.java:166)
	at org.testng.internal.invokers.ConfigInvoker.invokeConfigurations(ConfigInvoker.java:306)
	at org.testng.internal.invokers.TestMethodWorker.invokeBeforeClassMethods(TestMethodWorker.java:180)
	at org.testng.internal.invokers.TestMethodWorker.run(TestMethodWorker.java:122)
	at java.base/java.util.concurrent.ThreadPoolExecutor.runWorker(ThreadPoolExecutor.java:1144)
	at java.base/java.util.concurrent.ThreadPoolExecutor$Worker.run(ThreadPoolExecutor.java:642)
	at java.base/java.lang.Thread.run(Thread.java:1623)
</pre></div></td>
<td>0</td>
<td>advanceselenium.Tc_dws_007@1573f9fc</td></tr>
<tr>
<td title='advanceselenium.Tc_dws_004.book()'><b>book</b><br>Test class: advanceselenium.Tc_dws_004</td>
<td><div><pre>org.testng.TestNGException: 
Parameter &apos;BrowserName&apos; is required by BeforeClass on method tolauchbrowser but has not been marked @Optional or defined
in C:\Users\pc495\eclipse-workspace\yaswanth selenium\demo.xml
	at java.base/java.util.concurrent.ThreadPoolExecutor.runWorker(ThreadPoolExecutor.java:1144)
	at java.base/java.util.concurrent.ThreadPoolExecutor$Worker.run(ThreadPoolExecutor.java:642)
	at java.base/java.lang.Thread.run(Thread.java:1623)
... Removed 7 stack frames</pre></div><a href='#' onClick='toggleBox("stack-trace251204801", this, "Click to show all stack frames", "Click to hide stack frames")'>Click to show all stack frames</a>
<div class='stack-trace' id='stack-trace251204801'><pre>org.testng.TestNGException: 
Parameter &apos;BrowserName&apos; is required by BeforeClass on method tolauchbrowser but has not been marked @Optional or defined
in C:\Users\pc495\eclipse-workspace\yaswanth selenium\demo.xml
	at org.testng.internal.Parameters.createParams(Parameters.java:267)
	at org.testng.internal.Parameters.createParametersForMethod(Parameters.java:355)
	at org.testng.internal.Parameters.createParameters(Parameters.java:684)
	at org.testng.internal.Parameters.createConfigurationParameters(Parameters.java:166)
	at org.testng.internal.invokers.ConfigInvoker.invokeConfigurations(ConfigInvoker.java:306)
	at org.testng.internal.invokers.TestMethodWorker.invokeBeforeClassMethods(TestMethodWorker.java:180)
	at org.testng.internal.invokers.TestMethodWorker.run(TestMethodWorker.java:122)
	at java.base/java.util.concurrent.ThreadPoolExecutor.runWorker(ThreadPoolExecutor.java:1144)
	at java.base/java.util.concurrent.ThreadPoolExecutor$Worker.run(ThreadPoolExecutor.java:642)
	at java.base/java.lang.Thread.run(Thread.java:1623)
</pre></div></td>
<td>0</td>
<td>advanceselenium.Tc_dws_004@6a78afa0</td></tr>
<tr>
<td title='advanceselenium.Tc_dws_006.book()'><b>book</b><br>Test class: advanceselenium.Tc_dws_006</td>
<td><div><pre>org.testng.TestNGException: 
Parameter &apos;BrowserName&apos; is required by BeforeClass on method tolauchbrowser but has not been marked @Optional or defined
in C:\Users\pc495\eclipse-workspace\yaswanth selenium\demo.xml
	at java.base/java.util.concurrent.ThreadPoolExecutor.runWorker(ThreadPoolExecutor.java:1144)
	at java.base/java.util.concurrent.ThreadPoolExecutor$Worker.run(ThreadPoolExecutor.java:642)
	at java.base/java.lang.Thread.run(Thread.java:1623)
... Removed 7 stack frames</pre></div><a href='#' onClick='toggleBox("stack-trace492494531", this, "Click to show all stack frames", "Click to hide stack frames")'>Click to show all stack frames</a>
<div class='stack-trace' id='stack-trace492494531'><pre>org.testng.TestNGException: 
Parameter &apos;BrowserName&apos; is required by BeforeClass on method tolauchbrowser but has not been marked @Optional or defined
in C:\Users\pc495\eclipse-workspace\yaswanth selenium\demo.xml
	at org.testng.internal.Parameters.createParams(Parameters.java:267)
	at org.testng.internal.Parameters.createParametersForMethod(Parameters.java:355)
	at org.testng.internal.Parameters.createParameters(Parameters.java:684)
	at org.testng.internal.Parameters.createConfigurationParameters(Parameters.java:166)
	at org.testng.internal.invokers.ConfigInvoker.invokeConfigurations(ConfigInvoker.java:306)
	at org.testng.internal.invokers.TestMethodWorker.invokeBeforeClassMethods(TestMethodWorker.java:180)
	at org.testng.internal.invokers.TestMethodWorker.run(TestMethodWorker.java:122)
	at java.base/java.util.concurrent.ThreadPoolExecutor.runWorker(ThreadPoolExecutor.java:1144)
	at java.base/java.util.concurrent.ThreadPoolExecutor$Worker.run(ThreadPoolExecutor.java:642)
	at java.base/java.lang.Thread.run(Thread.java:1623)
</pre></div></td>
<td>0</td>
<td>advanceselenium.Tc_dws_006@1f2586d6</td></tr>
<tr>
<td title='advanceselenium.Tc_dws_010.book()'><b>book</b><br>Test class: advanceselenium.Tc_dws_010</td>
<td><div><pre>org.testng.TestNGException: 
Parameter &apos;BrowserName&apos; is required by BeforeClass on method tolauchbrowser but has not been marked @Optional or defined
in C:\Users\pc495\eclipse-workspace\yaswanth selenium\demo.xml
	at java.base/java.util.concurrent.ThreadPoolExecutor.runWorker(ThreadPoolExecutor.java:1144)
	at java.base/java.util.concurrent.ThreadPoolExecutor$Worker.run(ThreadPoolExecutor.java:642)
	at java.base/java.lang.Thread.run(Thread.java:1623)
... Removed 7 stack frames</pre></div><a href='#' onClick='toggleBox("stack-trace1614243662", this, "Click to show all stack frames", "Click to hide stack frames")'>Click to show all stack frames</a>
<div class='stack-trace' id='stack-trace1614243662'><pre>org.testng.TestNGException: 
Parameter &apos;BrowserName&apos; is required by BeforeClass on method tolauchbrowser but has not been marked @Optional or defined
in C:\Users\pc495\eclipse-workspace\yaswanth selenium\demo.xml
	at org.testng.internal.Parameters.createParams(Parameters.java:267)
	at org.testng.internal.Parameters.createParametersForMethod(Parameters.java:355)
	at org.testng.internal.Parameters.createParameters(Parameters.java:684)
	at org.testng.internal.Parameters.createConfigurationParameters(Parameters.java:166)
	at org.testng.internal.invokers.ConfigInvoker.invokeConfigurations(ConfigInvoker.java:306)
	at org.testng.internal.invokers.TestMethodWorker.invokeBeforeClassMethods(TestMethodWorker.java:180)
	at org.testng.internal.invokers.TestMethodWorker.run(TestMethodWorker.java:122)
	at java.base/java.util.concurrent.ThreadPoolExecutor.runWorker(ThreadPoolExecutor.java:1144)
	at java.base/java.util.concurrent.ThreadPoolExecutor$Worker.run(ThreadPoolExecutor.java:642)
	at java.base/java.lang.Thread.run(Thread.java:1623)
</pre></div></td>
<td>0</td>
<td>advanceselenium.Tc_dws_010@44c03695</td></tr>
<tr>
<td title='advanceselenium.Tc_dws_002.book()'><b>book</b><br>Test class: advanceselenium.Tc_dws_002</td>
<td><div><pre>org.testng.TestNGException: 
Parameter &apos;BrowserName&apos; is required by BeforeClass on method tolauchbrowser but has not been marked @Optional or defined
in C:\Users\pc495\eclipse-workspace\yaswanth selenium\demo.xml
	at java.base/java.util.concurrent.ThreadPoolExecutor.runWorker(ThreadPoolExecutor.java:1144)
	at java.base/java.util.concurrent.ThreadPoolExecutor$Worker.run(ThreadPoolExecutor.java:642)
	at java.base/java.lang.Thread.run(Thread.java:1623)
... Removed 7 stack frames</pre></div><a href='#' onClick='toggleBox("stack-trace40142558", this, "Click to show all stack frames", "Click to hide stack frames")'>Click to show all stack frames</a>
<div class='stack-trace' id='stack-trace40142558'><pre>org.testng.TestNGException: 
Parameter &apos;BrowserName&apos; is required by BeforeClass on method tolauchbrowser but has not been marked @Optional or defined
in C:\Users\pc495\eclipse-workspace\yaswanth selenium\demo.xml
	at org.testng.internal.Parameters.createParams(Parameters.java:267)
	at org.testng.internal.Parameters.createParametersForMethod(Parameters.java:355)
	at org.testng.internal.Parameters.createParameters(Parameters.java:684)
	at org.testng.internal.Parameters.createConfigurationParameters(Parameters.java:166)
	at org.testng.internal.invokers.ConfigInvoker.invokeConfigurations(ConfigInvoker.java:306)
	at org.testng.internal.invokers.TestMethodWorker.invokeBeforeClassMethods(TestMethodWorker.java:180)
	at org.testng.internal.invokers.TestMethodWorker.run(TestMethodWorker.java:122)
	at java.base/java.util.concurrent.ThreadPoolExecutor.runWorker(ThreadPoolExecutor.java:1144)
	at java.base/java.util.concurrent.ThreadPoolExecutor$Worker.run(ThreadPoolExecutor.java:642)
	at java.base/java.lang.Thread.run(Thread.java:1623)
</pre></div></td>
<td>0</td>
<td>advanceselenium.Tc_dws_002@7e6f74c</td></tr>
<tr>
<td title='advanceselenium.Tc_dws_003.book()'><b>book</b><br>Test class: advanceselenium.Tc_dws_003</td>
<td><div><pre>org.testng.TestNGException: 
Parameter &apos;BrowserName&apos; is required by BeforeClass on method tolauchbrowser but has not been marked @Optional or defined
in C:\Users\pc495\eclipse-workspace\yaswanth selenium\demo.xml
	at java.base/java.util.concurrent.ThreadPoolExecutor.runWorker(ThreadPoolExecutor.java:1144)
	at java.base/java.util.concurrent.ThreadPoolExecutor$Worker.run(ThreadPoolExecutor.java:642)
	at java.base/java.lang.Thread.run(Thread.java:1623)
... Removed 7 stack frames</pre></div><a href='#' onClick='toggleBox("stack-trace1865170470", this, "Click to show all stack frames", "Click to hide stack frames")'>Click to show all stack frames</a>
<div class='stack-trace' id='stack-trace1865170470'><pre>org.testng.TestNGException: 
Parameter &apos;BrowserName&apos; is required by BeforeClass on method tolauchbrowser but has not been marked @Optional or defined
in C:\Users\pc495\eclipse-workspace\yaswanth selenium\demo.xml
	at org.testng.internal.Parameters.createParams(Parameters.java:267)
	at org.testng.internal.Parameters.createParametersForMethod(Parameters.java:355)
	at org.testng.internal.Parameters.createParameters(Parameters.java:684)
	at org.testng.internal.Parameters.createConfigurationParameters(Parameters.java:166)
	at org.testng.internal.invokers.ConfigInvoker.invokeConfigurations(ConfigInvoker.java:306)
	at org.testng.internal.invokers.TestMethodWorker.invokeBeforeClassMethods(TestMethodWorker.java:180)
	at org.testng.internal.invokers.TestMethodWorker.run(TestMethodWorker.java:122)
	at java.base/java.util.concurrent.ThreadPoolExecutor.runWorker(ThreadPoolExecutor.java:1144)
	at java.base/java.util.concurrent.ThreadPoolExecutor$Worker.run(ThreadPoolExecutor.java:642)
	at java.base/java.lang.Thread.run(Thread.java:1623)
</pre></div></td>
<td>0</td>
<td>advanceselenium.Tc_dws_003@2f4948e4</td></tr>
<tr>
<td title='advanceselenium.Tc_dws_001.book()'><b>book</b><br>Test class: advanceselenium.Tc_dws_001</td>
<td><div><pre>org.testng.TestNGException: 
Parameter &apos;BrowserName&apos; is required by BeforeClass on method tolauchbrowser but has not been marked @Optional or defined
in C:\Users\pc495\eclipse-workspace\yaswanth selenium\demo.xml
	at java.base/java.util.concurrent.ThreadPoolExecutor.runWorker(ThreadPoolExecutor.java:1144)
	at java.base/java.util.concurrent.ThreadPoolExecutor$Worker.run(ThreadPoolExecutor.java:642)
	at java.base/java.lang.Thread.run(Thread.java:1623)
... Removed 7 stack frames</pre></div><a href='#' onClick='toggleBox("stack-trace1276732930", this, "Click to show all stack frames", "Click to hide stack frames")'>Click to show all stack frames</a>
<div class='stack-trace' id='stack-trace1276732930'><pre>org.testng.TestNGException: 
Parameter &apos;BrowserName&apos; is required by BeforeClass on method tolauchbrowser but has not been marked @Optional or defined
in C:\Users\pc495\eclipse-workspace\yaswanth selenium\demo.xml
	at org.testng.internal.Parameters.createParams(Parameters.java:267)
	at org.testng.internal.Parameters.createParametersForMethod(Parameters.java:355)
	at org.testng.internal.Parameters.createParameters(Parameters.java:684)
	at org.testng.internal.Parameters.createConfigurationParameters(Parameters.java:166)
	at org.testng.internal.invokers.ConfigInvoker.invokeConfigurations(ConfigInvoker.java:306)
	at org.testng.internal.invokers.TestMethodWorker.invokeBeforeClassMethods(TestMethodWorker.java:180)
	at org.testng.internal.invokers.TestMethodWorker.run(TestMethodWorker.java:122)
	at java.base/java.util.concurrent.ThreadPoolExecutor.runWorker(ThreadPoolExecutor.java:1144)
	at java.base/java.util.concurrent.ThreadPoolExecutor$Worker.run(ThreadPoolExecutor.java:642)
	at java.base/java.lang.Thread.run(Thread.java:1623)
</pre></div></td>
<td>0</td>
<td>advanceselenium.Tc_dws_001@dd05255</td></tr>
<tr>
<td title='advanceselenium.Tc_dws_005.book()'><b>book</b><br>Test class: advanceselenium.Tc_dws_005</td>
<td><div><pre>org.testng.TestNGException: 
Parameter &apos;BrowserName&apos; is required by BeforeClass on method tolauchbrowser but has not been marked @Optional or defined
in C:\Users\pc495\eclipse-workspace\yaswanth selenium\demo.xml
	at java.base/java.util.concurrent.ThreadPoolExecutor.runWorker(ThreadPoolExecutor.java:1144)
	at java.base/java.util.concurrent.ThreadPoolExecutor$Worker.run(ThreadPoolExecutor.java:642)
	at java.base/java.lang.Thread.run(Thread.java:1623)
... Removed 7 stack frames</pre></div><a href='#' onClick='toggleBox("stack-trace603055402", this, "Click to show all stack frames", "Click to hide stack frames")'>Click to show all stack frames</a>
<div class='stack-trace' id='stack-trace603055402'><pre>org.testng.TestNGException: 
Parameter &apos;BrowserName&apos; is required by BeforeClass on method tolauchbrowser but has not been marked @Optional or defined
in C:\Users\pc495\eclipse-workspace\yaswanth selenium\demo.xml
	at org.testng.internal.Parameters.createParams(Parameters.java:267)
	at org.testng.internal.Parameters.createParametersForMethod(Parameters.java:355)
	at org.testng.internal.Parameters.createParameters(Parameters.java:684)
	at org.testng.internal.Parameters.createConfigurationParameters(Parameters.java:166)
	at org.testng.internal.invokers.ConfigInvoker.invokeConfigurations(ConfigInvoker.java:306)
	at org.testng.internal.invokers.TestMethodWorker.invokeBeforeClassMethods(TestMethodWorker.java:180)
	at org.testng.internal.invokers.TestMethodWorker.run(TestMethodWorker.java:122)
	at java.base/java.util.concurrent.ThreadPoolExecutor.runWorker(ThreadPoolExecutor.java:1144)
	at java.base/java.util.concurrent.ThreadPoolExecutor$Worker.run(ThreadPoolExecutor.java:642)
	at java.base/java.lang.Thread.run(Thread.java:1623)
</pre></div></td>
<td>0</td>
<td>advanceselenium.Tc_dws_005@10683d9d</td></tr>
<tr>
<td title='advanceselenium.Tc_dws_009.book()'><b>book</b><br>Test class: advanceselenium.Tc_dws_009</td>
<td><div><pre>org.testng.TestNGException: 
Parameter &apos;BrowserName&apos; is required by BeforeClass on method tolauchbrowser but has not been marked @Optional or defined
in C:\Users\pc495\eclipse-workspace\yaswanth selenium\demo.xml
	at java.base/java.util.concurrent.ThreadPoolExecutor.runWorker(ThreadPoolExecutor.java:1144)
	at java.base/java.util.concurrent.ThreadPoolExecutor$Worker.run(ThreadPoolExecutor.java:642)
	at java.base/java.lang.Thread.run(Thread.java:1623)
... Removed 7 stack frames</pre></div><a href='#' onClick='toggleBox("stack-trace1695113127", this, "Click to show all stack frames", "Click to hide stack frames")'>Click to show all stack frames</a>
<div class='stack-trace' id='stack-trace1695113127'><pre>org.testng.TestNGException: 
Parameter &apos;BrowserName&apos; is required by BeforeClass on method tolauchbrowser but has not been marked @Optional or defined
in C:\Users\pc495\eclipse-workspace\yaswanth selenium\demo.xml
	at org.testng.internal.Parameters.createParams(Parameters.java:267)
	at org.testng.internal.Parameters.createParametersForMethod(Parameters.java:355)
	at org.testng.internal.Parameters.createParameters(Parameters.java:684)
	at org.testng.internal.Parameters.createConfigurationParameters(Parameters.java:166)
	at org.testng.internal.invokers.ConfigInvoker.invokeConfigurations(ConfigInvoker.java:306)
	at org.testng.internal.invokers.TestMethodWorker.invokeBeforeClassMethods(TestMethodWorker.java:180)
	at org.testng.internal.invokers.TestMethodWorker.run(TestMethodWorker.java:122)
	at java.base/java.util.concurrent.ThreadPoolExecutor.runWorker(ThreadPoolExecutor.java:1144)
	at java.base/java.util.concurrent.ThreadPoolExecutor$Worker.run(ThreadPoolExecutor.java:642)
	at java.base/java.lang.Thread.run(Thread.java:1623)
</pre></div></td>
<td>0</td>
<td>advanceselenium.Tc_dws_009@6150c3ec</td></tr>
<tr>
<td title='advanceselenium.Tc_dws_008.book()'><b>book</b><br>Test class: advanceselenium.Tc_dws_008</td>
<td><div><pre>org.testng.TestNGException: 
Parameter &apos;BrowserName&apos; is required by BeforeClass on method tolauchbrowser but has not been marked @Optional or defined
in C:\Users\pc495\eclipse-workspace\yaswanth selenium\demo.xml
	at java.base/java.util.concurrent.ThreadPoolExecutor.runWorker(ThreadPoolExecutor.java:1144)
	at java.base/java.util.concurrent.ThreadPoolExecutor$Worker.run(ThreadPoolExecutor.java:642)
	at java.base/java.lang.Thread.run(Thread.java:1623)
... Removed 7 stack frames</pre></div><a href='#' onClick='toggleBox("stack-trace1902581048", this, "Click to show all stack frames", "Click to hide stack frames")'>Click to show all stack frames</a>
<div class='stack-trace' id='stack-trace1902581048'><pre>org.testng.TestNGException: 
Parameter &apos;BrowserName&apos; is required by BeforeClass on method tolauchbrowser but has not been marked @Optional or defined
in C:\Users\pc495\eclipse-workspace\yaswanth selenium\demo.xml
	at org.testng.internal.Parameters.createParams(Parameters.java:267)
	at org.testng.internal.Parameters.createParametersForMethod(Parameters.java:355)
	at org.testng.internal.Parameters.createParameters(Parameters.java:684)
	at org.testng.internal.Parameters.createConfigurationParameters(Parameters.java:166)
	at org.testng.internal.invokers.ConfigInvoker.invokeConfigurations(ConfigInvoker.java:306)
	at org.testng.internal.invokers.TestMethodWorker.invokeBeforeClassMethods(TestMethodWorker.java:180)
	at org.testng.internal.invokers.TestMethodWorker.run(TestMethodWorker.java:122)
	at java.base/java.util.concurrent.ThreadPoolExecutor.runWorker(ThreadPoolExecutor.java:1144)
	at java.base/java.util.concurrent.ThreadPoolExecutor$Worker.run(ThreadPoolExecutor.java:642)
	at java.base/java.lang.Thread.run(Thread.java:1623)
</pre></div></td>
<td>0</td>
<td>advanceselenium.Tc_dws_008@4c402120</td></tr>
</table><p>
</body>
</html>