<?xml version="1.0" encoding="UTF-8"?>
<!-- Generated by org.testng.reporters.JUnitXMLReporter -->
<testsuite ignored="0" hostname="Devil" failures="0" tests="10" name="chrome1" time="0.178" errors="0" timestamp="2023-12-28T09:18:46 IST">
  <testcase classname="advanceselenium.Baseclass" name="@BeforeClass tolauchbrowser" time="-1.703735326334E9">
    <failure type="org.testng.TestNGException" message="
Parameter &amp;apos;BrowserName&amp;apos; is required by BeforeClass on method tolauchbrowser but has not been marked @Optional or defined
in C:\Users\pc495\eclipse-workspace\yaswanth selenium\demo.xml">
      <![CDATA[org.testng.TestNGException: 
Parameter 'BrowserName' is required by BeforeClass on method tolauchbrowser but has not been marked @Optional or defined
in C:\Users\pc495\eclipse-workspace\yaswanth selenium\demo.xml
at java.base/java.util.concurrent.ThreadPoolExecutor.runWorker(ThreadPoolExecutor.java:1144)
at java.base/java.util.concurrent.ThreadPoolExecutor$Worker.run(ThreadPoolExecutor.java:642)
at java.base/java.lang.Thread.run(Thread.java:1623)
... Removed 7 stack frames]]>
    </failure>
  </testcase> <!-- @BeforeClass tolauchbrowser -->
  <testcase classname="advanceselenium.Baseclass" name="@BeforeClass tolauchbrowser" time="-1.703735326334E9">
    <failure type="org.testng.TestNGException" message="
Parameter &amp;apos;BrowserName&amp;apos; is required by BeforeClass on method tolauchbrowser but has not been marked @Optional or defined
in C:\Users\pc495\eclipse-workspace\yaswanth selenium\demo.xml">
      <![CDATA[org.testng.TestNGException: 
Parameter 'BrowserName' is required by BeforeClass on method tolauchbrowser but has not been marked @Optional or defined
in C:\Users\pc495\eclipse-workspace\yaswanth selenium\demo.xml
at java.base/java.util.concurrent.ThreadPoolExecutor.runWorker(ThreadPoolExecutor.java:1144)
at java.base/java.util.concurrent.ThreadPoolExecutor$Worker.run(ThreadPoolExecutor.java:642)
at java.base/java.lang.Thread.run(Thread.java:1623)
... Removed 7 stack frames]]>
    </failure>
  </testcase> <!-- @BeforeClass tolauchbrowser -->
  <testcase classname="advanceselenium.Baseclass" name="@BeforeClass tolauchbrowser" time="-1.703735326334E9">
    <failure type="org.testng.TestNGException" message="
Parameter &amp;apos;BrowserName&amp;apos; is required by BeforeClass on method tolauchbrowser but has not been marked @Optional or defined
in C:\Users\pc495\eclipse-workspace\yaswanth selenium\demo.xml">
      <![CDATA[org.testng.TestNGException: 
Parameter 'BrowserName' is required by BeforeClass on method tolauchbrowser but has not been marked @Optional or defined
in C:\Users\pc495\eclipse-workspace\yaswanth selenium\demo.xml
at java.base/java.util.concurrent.ThreadPoolExecutor.runWorker(ThreadPoolExecutor.java:1144)
at java.base/java.util.concurrent.ThreadPoolExecutor$Worker.run(ThreadPoolExecutor.java:642)
at java.base/java.lang.Thread.run(Thread.java:1623)
... Removed 7 stack frames]]>
    </failure>
  </testcase> <!-- @BeforeClass tolauchbrowser -->
  <testcase classname="advanceselenium.Baseclass" name="@BeforeClass tolauchbrowser" time="-1.703735326334E9">
    <failure type="org.testng.TestNGException" message="
Parameter &amp;apos;BrowserName&amp;apos; is required by BeforeClass on method tolauchbrowser but has not been marked @Optional or defined
in C:\Users\pc495\eclipse-workspace\yaswanth selenium\demo.xml">
      <![CDATA[org.testng.TestNGException: 
Parameter 'BrowserName' is required by BeforeClass on method tolauchbrowser but has not been marked @Optional or defined
in C:\Users\pc495\eclipse-workspace\yaswanth selenium\demo.xml
at java.base/java.util.concurrent.ThreadPoolExecutor.runWorker(ThreadPoolExecutor.java:1144)
at java.base/java.util.concurrent.ThreadPoolExecutor$Worker.run(ThreadPoolExecutor.java:642)
at java.base/java.lang.Thread.run(Thread.java:1623)
... Removed 7 stack frames]]>
    </failure>
  </testcase> <!-- @BeforeClass tolauchbrowser -->
  <testcase classname="advanceselenium.Baseclass" name="@BeforeClass tolauchbrowser" time="-1.703735326335E9">
    <failure type="org.testng.TestNGException" message="
Parameter &amp;apos;BrowserName&amp;apos; is required by BeforeClass on method tolauchbrowser but has not been marked @Optional or defined
in C:\Users\pc495\eclipse-workspace\yaswanth selenium\demo.xml">
      <![CDATA[org.testng.TestNGException: 
Parameter 'BrowserName' is required by BeforeClass on method tolauchbrowser but has not been marked @Optional or defined
in C:\Users\pc495\eclipse-workspace\yaswanth selenium\demo.xml
at java.base/java.util.concurrent.ThreadPoolExecutor.runWorker(ThreadPoolExecutor.java:1144)
at java.base/java.util.concurrent.ThreadPoolExecutor$Worker.run(ThreadPoolExecutor.java:642)
at java.base/java.lang.Thread.run(Thread.java:1623)
... Removed 7 stack frames]]>
    </failure>
  </testcase> <!-- @BeforeClass tolauchbrowser -->
  <testcase classname="advanceselenium.Baseclass" name="@BeforeClass tolauchbrowser" time="-1.703735326335E9">
    <failure type="org.testng.TestNGException" message="
Parameter &amp;apos;BrowserName&amp;apos; is required by BeforeClass on method tolauchbrowser but has not been marked @Optional or defined
in C:\Users\pc495\eclipse-workspace\yaswanth selenium\demo.xml">
      <![CDATA[org.testng.TestNGException: 
Parameter 'BrowserName' is required by BeforeClass on method tolauchbrowser but has not been marked @Optional or defined
in C:\Users\pc495\eclipse-workspace\yaswanth selenium\demo.xml
at java.base/java.util.concurrent.ThreadPoolExecutor.runWorker(ThreadPoolExecutor.java:1144)
at java.base/java.util.concurrent.ThreadPoolExecutor$Worker.run(ThreadPoolExecutor.java:642)
at java.base/java.lang.Thread.run(Thread.java:1623)
... Removed 7 stack frames]]>
    </failure>
  </testcase> <!-- @BeforeClass tolauchbrowser -->
  <testcase classname="advanceselenium.Baseclass" name="@BeforeClass tolauchbrowser" time="-1.703735326335E9">
    <failure type="org.testng.TestNGException" message="
Parameter &amp;apos;BrowserName&amp;apos; is required by BeforeClass on method tolauchbrowser but has not been marked @Optional or defined
in C:\Users\pc495\eclipse-workspace\yaswanth selenium\demo.xml">
      <![CDATA[org.testng.TestNGException: 
Parameter 'BrowserName' is required by BeforeClass on method tolauchbrowser but has not been marked @Optional or defined
in C:\Users\pc495\eclipse-workspace\yaswanth selenium\demo.xml
at java.base/java.util.concurrent.ThreadPoolExecutor.runWorker(ThreadPoolExecutor.java:1144)
at java.base/java.util.concurrent.ThreadPoolExecutor$Worker.run(ThreadPoolExecutor.java:642)
at java.base/java.lang.Thread.run(Thread.java:1623)
... Removed 7 stack frames]]>
    </failure>
  </testcase> <!-- @BeforeClass tolauchbrowser -->
  <testcase classname="advanceselenium.Baseclass" name="@BeforeClass tolauchbrowser" time="-1.703735326334E9">
    <failure type="org.testng.TestNGException" message="
Parameter &amp;apos;BrowserName&amp;apos; is required by BeforeClass on method tolauchbrowser but has not been marked @Optional or defined
in C:\Users\pc495\eclipse-workspace\yaswanth selenium\demo.xml">
      <![CDATA[org.testng.TestNGException: 
Parameter 'BrowserName' is required by BeforeClass on method tolauchbrowser but has not been marked @Optional or defined
in C:\Users\pc495\eclipse-workspace\yaswanth selenium\demo.xml
at java.base/java.util.concurrent.ThreadPoolExecutor.runWorker(ThreadPoolExecutor.java:1144)
at java.base/java.util.concurrent.ThreadPoolExecutor$Worker.run(ThreadPoolExecutor.java:642)
at java.base/java.lang.Thread.run(Thread.java:1623)
... Removed 7 stack frames]]>
    </failure>
  </testcase> <!-- @BeforeClass tolauchbrowser -->
  <testcase classname="advanceselenium.Baseclass" name="@BeforeClass tolauchbrowser" time="-1.703735326335E9">
    <failure type="org.testng.TestNGException" message="
Parameter &amp;apos;BrowserName&amp;apos; is required by BeforeClass on method tolauchbrowser but has not been marked @Optional or defined
in C:\Users\pc495\eclipse-workspace\yaswanth selenium\demo.xml">
      <![CDATA[org.testng.TestNGException: 
Parameter 'BrowserName' is required by BeforeClass on method tolauchbrowser but has not been marked @Optional or defined
in C:\Users\pc495\eclipse-workspace\yaswanth selenium\demo.xml
at java.base/java.util.concurrent.ThreadPoolExecutor.runWorker(ThreadPoolExecutor.java:1144)
at java.base/java.util.concurrent.ThreadPoolExecutor$Worker.run(ThreadPoolExecutor.java:642)
at java.base/java.lang.Thread.run(Thread.java:1623)
... Removed 7 stack frames]]>
    </failure>
  </testcase> <!-- @BeforeClass tolauchbrowser -->
  <testcase classname="advanceselenium.Baseclass" name="@BeforeClass tolauchbrowser" time="-1.703735326335E9">
    <failure type="org.testng.TestNGException" message="
Parameter &amp;apos;BrowserName&amp;apos; is required by BeforeClass on method tolauchbrowser but has not been marked @Optional or defined
in C:\Users\pc495\eclipse-workspace\yaswanth selenium\demo.xml">
      <![CDATA[org.testng.TestNGException: 
Parameter 'BrowserName' is required by BeforeClass on method tolauchbrowser but has not been marked @Optional or defined
in C:\Users\pc495\eclipse-workspace\yaswanth selenium\demo.xml
at java.base/java.util.concurrent.ThreadPoolExecutor.runWorker(ThreadPoolExecutor.java:1144)
at java.base/java.util.concurrent.ThreadPoolExecutor$Worker.run(ThreadPoolExecutor.java:642)
at java.base/java.lang.Thread.run(Thread.java:1623)
... Removed 7 stack frames]]>
    </failure>
  </testcase> <!-- @BeforeClass tolauchbrowser -->
  <testcase classname="advanceselenium.Baseclass" name="@BeforeMethod login" time="0.0">
    <skipped/>
  </testcase> <!-- @BeforeMethod login -->
  <testcase classname="advanceselenium.Baseclass" name="@BeforeMethod login" time="0.0">
    <skipped/>
  </testcase> <!-- @BeforeMethod login -->
  <testcase classname="advanceselenium.Baseclass" name="@BeforeMethod login" time="0.0">
    <skipped/>
  </testcase> <!-- @BeforeMethod login -->
  <testcase classname="advanceselenium.Baseclass" name="@BeforeMethod login" time="0.0">
    <skipped/>
  </testcase> <!-- @BeforeMethod login -->
  <testcase classname="advanceselenium.Baseclass" name="@BeforeMethod login" time="0.0">
    <skipped/>
  </testcase> <!-- @BeforeMethod login -->
  <testcase classname="advanceselenium.Baseclass" name="@BeforeMethod login" time="0.0">
    <skipped/>
  </testcase> <!-- @BeforeMethod login -->
  <testcase classname="advanceselenium.Baseclass" name="@BeforeMethod login" time="0.0">
    <skipped/>
  </testcase> <!-- @BeforeMethod login -->
  <testcase classname="advanceselenium.Baseclass" name="@BeforeMethod login" time="0.0">
    <skipped/>
  </testcase> <!-- @BeforeMethod login -->
  <testcase classname="advanceselenium.Baseclass" name="@BeforeMethod login" time="0.0">
    <skipped/>
  </testcase> <!-- @BeforeMethod login -->
  <testcase classname="advanceselenium.Baseclass" name="@BeforeMethod login" time="0.0">
    <skipped/>
  </testcase> <!-- @BeforeMethod login -->
  <testcase classname="advanceselenium.Baseclass" name="@AfterMethod logout" time="0.0">
    <skipped/>
  </testcase> <!-- @AfterMethod logout -->
  <testcase classname="advanceselenium.Baseclass" name="@AfterMethod logout" time="0.0">
    <skipped/>
  </testcase> <!-- @AfterMethod logout -->
  <testcase classname="advanceselenium.Baseclass" name="@AfterClass closebrowser" time="0.0">
    <skipped/>
  </testcase> <!-- @AfterClass closebrowser -->
  <testcase classname="advanceselenium.Baseclass" name="@AfterMethod logout" time="0.0">
    <skipped/>
  </testcase> <!-- @AfterMethod logout -->
  <testcase classname="advanceselenium.Baseclass" name="@AfterMethod logout" time="0.0">
    <skipped/>
  </testcase> <!-- @AfterMethod logout -->
  <testcase classname="advanceselenium.Baseclass" name="@AfterMethod logout" time="0.0">
    <skipped/>
  </testcase> <!-- @AfterMethod logout -->
  <testcase classname="advanceselenium.Baseclass" name="@AfterClass closebrowser" time="0.0">
    <skipped/>
  </testcase> <!-- @AfterClass closebrowser -->
  <testcase classname="advanceselenium.Baseclass" name="@AfterClass closebrowser" time="0.0">
    <skipped/>
  </testcase> <!-- @AfterClass closebrowser -->
  <testcase classname="advanceselenium.Baseclass" name="@AfterClass closebrowser" time="0.0">
    <skipped/>
  </testcase> <!-- @AfterClass closebrowser -->
  <testcase classname="advanceselenium.Baseclass" name="@AfterMethod logout" time="0.0">
    <skipped/>
  </testcase> <!-- @AfterMethod logout -->
  <testcase classname="advanceselenium.Baseclass" name="@AfterMethod logout" time="0.0">
    <skipped/>
  </testcase> <!-- @AfterMethod logout -->
  <testcase classname="advanceselenium.Baseclass" name="@AfterClass closebrowser" time="0.0">
    <skipped/>
  </testcase> <!-- @AfterClass closebrowser -->
  <testcase classname="advanceselenium.Baseclass" name="@AfterClass closebrowser" time="0.0">
    <skipped/>
  </testcase> <!-- @AfterClass closebrowser -->
  <testcase classname="advanceselenium.Baseclass" name="@AfterClass closebrowser" time="0.0">
    <skipped/>
  </testcase> <!-- @AfterClass closebrowser -->
  <testcase classname="advanceselenium.Baseclass" name="@AfterMethod logout" time="0.0">
    <skipped/>
  </testcase> <!-- @AfterMethod logout -->
  <testcase classname="advanceselenium.Baseclass" name="@AfterClass closebrowser" time="0.0">
    <skipped/>
  </testcase> <!-- @AfterClass closebrowser -->
  <testcase classname="advanceselenium.Baseclass" name="@AfterMethod logout" time="0.0">
    <skipped/>
  </testcase> <!-- @AfterMethod logout -->
  <testcase classname="advanceselenium.Baseclass" name="@AfterMethod logout" time="0.0">
    <skipped/>
  </testcase> <!-- @AfterMethod logout -->
  <testcase classname="advanceselenium.Baseclass" name="@AfterClass closebrowser" time="0.0">
    <skipped/>
  </testcase> <!-- @AfterClass closebrowser -->
  <testcase classname="advanceselenium.Baseclass" name="@AfterClass closebrowser" time="0.0">
    <skipped/>
  </testcase> <!-- @AfterClass closebrowser -->
  <testcase classname="advanceselenium.Tc_dws_001" name="book" time="0.0">
    <skipped/>
  </testcase> <!-- book -->
  <testcase classname="advanceselenium.Tc_dws_008" name="book" time="0.0">
    <skipped/>
  </testcase> <!-- book -->
  <testcase classname="advanceselenium.Tc_dws_009" name="book" time="0.001">
    <skipped/>
  </testcase> <!-- book -->
  <testcase classname="advanceselenium.Tc_dws_010" name="book" time="0.001">
    <skipped/>
  </testcase> <!-- book -->
  <testcase classname="advanceselenium.Tc_dws_006" name="book" time="0.0">
    <skipped/>
  </testcase> <!-- book -->
  <testcase classname="advanceselenium.Tc_dws_004" name="book" time="0.001">
    <skipped/>
  </testcase> <!-- book -->
  <testcase classname="advanceselenium.Tc_dws_003" name="book" time="0.001">
    <skipped/>
  </testcase> <!-- book -->
  <testcase classname="advanceselenium.Tc_dws_005" name="book" time="0.0">
    <skipped/>
  </testcase> <!-- book -->
  <testcase classname="advanceselenium.Tc_dws_002" name="book" time="0.002">
    <skipped/>
  </testcase> <!-- book -->
  <testcase classname="advanceselenium.Tc_dws_007" name="book" time="0.0">
    <skipped/>
  </testcase> <!-- book -->
</testsuite> <!-- chrome1 -->
